{
  "RSpec": {
    "coverage": {
      "/Users/ebarth26/turing/3module/projects/api_curious/app/controllers/repos_controller.rb": [
        1,
        null,
        1,
        0,
        0,
        null,
        null,
        null
      ],
      "/Users/ebarth26/turing/3module/projects/api_curious/app/controllers/application_controller.rb": [
        1,
        1,
        null,
        1,
        null,
        1,
        0,
        null,
        null
      ],
      "/Users/ebarth26/turing/3module/projects/api_curious/app/controllers/users_controller.rb": [
        1,
        null,
        1,
        0,
        0,
        null,
        null,
        null
      ],
      "/Users/ebarth26/turing/3module/projects/api_curious/app/models/github_commit.rb": [
        1,
        1,
        null,
        1,
        0,
        0,
        0,
        0,
        null,
        null,
        1,
        0,
        0,
        null,
        null,
        null,
        1,
        0,
        0,
        0,
        0,
        null,
        null,
        0,
        null,
        null,
        null
      ],
      "/Users/ebarth26/turing/3module/projects/api_curious/app/models/github_follower.rb": [
        1,
        1,
        null,
        1,
        0,
        0,
        null,
        null,
        1,
        0,
        0,
        null,
        null,
        null,
        null
      ],
      "/Users/ebarth26/turing/3module/projects/api_curious/app/models/github_following.rb": [
        1,
        1,
        null,
        1,
        0,
        0,
        null,
        null,
        1,
        0,
        0,
        null,
        null,
        null,
        null
      ],
      "/Users/ebarth26/turing/3module/projects/api_curious/app/models/github_repo.rb": [
        1,
        1,
        null,
        1,
        0,
        0,
        0,
        0,
        null,
        null,
        1,
        0,
        0,
        null,
        null,
        null,
        1,
        0,
        0,
        null,
        null,
        null
      ],
      "/Users/ebarth26/turing/3module/projects/api_curious/app/models/github_star.rb": [
        1,
        1,
        null,
        1,
        0,
        0,
        0,
        0,
        null,
        null,
        1,
        0,
        0,
        null,
        null,
        null,
        1,
        0,
        0,
        null,
        null,
        null
      ],
      "/Users/ebarth26/turing/3module/projects/api_curious/app/models/user.rb": [
        1,
        null
      ],
      "/Users/ebarth26/turing/3module/projects/api_curious/app/models/application_record.rb": [
        1,
        1,
        null
      ]
    },
    "timestamp": 1481218029
  }
}
