{
  "RSpec": {
    "coverage": {
      "/Users/ebarth26/turing/3module/projects/api_curious/app/controllers/followers_controller.rb": [
        1,
        null,
        1,
        1,
        1,
        null,
        null,
        null
      ],
      "/Users/ebarth26/turing/3module/projects/api_curious/app/controllers/application_controller.rb": [
        1,
        1,
        null,
        1,
        null,
        1,
        0,
        null,
        null
      ],
      "/Users/ebarth26/turing/3module/projects/api_curious/app/controllers/following_controller.rb": [
        1,
        null,
        1,
        1,
        1,
        null,
        null,
        null
      ],
      "/Users/ebarth26/turing/3module/projects/api_curious/app/controllers/repos_controller.rb": [
        1,
        null,
        1,
        1,
        1,
        null,
        null,
        null
      ],
      "/Users/ebarth26/turing/3module/projects/api_curious/app/controllers/users_controller.rb": [
        1,
        null,
        1,
        2,
        2,
        null,
        null,
        null
      ],
      "/Users/ebarth26/turing/3module/projects/api_curious/app/models/github_commit.rb": [
        1,
        1,
        null,
        1,
        44,
        44,
        44,
        44,
        null,
        null,
        1,
        4,
        44,
        null,
        null,
        null,
        1,
        1,
        1,
        11,
        49,
        null,
        null,
        1,
        null,
        null,
        null
      ],
      "/Users/ebarth26/turing/3module/projects/api_curious/app/models/github_follower.rb": [
        1,
        1,
        null,
        1,
        18,
        18,
        null,
        null,
        1,
        3,
        18,
        null,
        null,
        null,
        null
      ],
      "/Users/ebarth26/turing/3module/projects/api_curious/app/models/github_following.rb": [
        1,
        1,
        null,
        1,
        18,
        18,
        null,
        null,
        1,
        3,
        18,
        null,
        null,
        null,
        null
      ],
      "/Users/ebarth26/turing/3module/projects/api_curious/app/models/github_repo.rb": [
        1,
        1,
        null,
        1,
        128,
        128,
        128,
        128,
        null,
        null,
        1,
        4,
        128,
        null,
        null,
        null,
        1,
        1,
        1,
        null,
        null,
        null
      ],
      "/Users/ebarth26/turing/3module/projects/api_curious/app/models/github_star.rb": [
        1,
        1,
        null,
        1,
        6,
        6,
        6,
        6,
        null,
        null,
        1,
        3,
        6,
        null,
        null,
        null,
        1,
        1,
        1,
        null,
        null,
        null
      ],
      "/Users/ebarth26/turing/3module/projects/api_curious/app/models/user.rb": [
        1,
        null
      ],
      "/Users/ebarth26/turing/3module/projects/api_curious/app/models/application_record.rb": [
        1,
        1,
        null
      ],
      "/Users/ebarth26/turing/3module/projects/api_curious/app/services/github_service.rb": [
        1,
        null,
        1,
        26,
        26,
        null,
        null,
        null,
        1,
        5,
        null,
        5,
        5,
        null,
        null,
        1,
        5,
        5,
        500,
        null,
        null,
        5,
        null,
        null,
        1,
        1,
        null,
        1,
        null,
        1,
        null,
        null,
        1,
        5,
        5,
        null,
        null,
        1,
        4,
        4,
        null,
        null,
        1,
        4,
        4,
        null,
        null,
        1,
        4,
        4,
        null,
        null,
        1,
        2,
        2,
        null,
        null,
        1,
        1,
        1,
        null,
        null,
        null,
        1,
        1,
        null,
        null
      ]
    },
    "timestamp": 1481219555
  }
}
